<?xml version="1.0" encoding="UTF-8"?>
<testsuites name="Mocha Tests" time="56.062" tests="1" failures="1">
  <testsuite name="Root Suite" timestamp="2026-03-20T12:02:39" tests="0" file="cypress\e2e\ride-lifecycle.cy.ts" time="0.000" failures="0">
  </testsuite>
  <testsuite name="Browser smoke ride lifecycle" timestamp="2026-03-20T12:02:39" tests="1" time="56.053" failures="1">
    <testcase name="Browser smoke ride lifecycle completes one ride across customer, driver, and admin via UI only" time="0.000" classname="completes one ride across customer, driver, and admin via UI only">
      <failure message="Timed out retrying after 30000ms: Expected to find content: &apos;Tiếp tục đặt xe&apos; within the selector: &apos;button&apos; but never did." type="AssertionError"><![CDATA[AssertionError: Timed out retrying after 30000ms: Expected to find content: 'Tiếp tục đặt xe' within the selector: 'button' but never did.
    at nativeClickButtonByText (webpack://cab-booking-customer-app/./cypress/e2e/ride-lifecycle.cy.ts:37:51)
    at Context.eval (webpack://cab-booking-customer-app/./cypress/e2e/ride-lifecycle.cy.ts:108:4)]]></failure>
    </testcase>
  </testsuite>
</testsuites>